         w __deregister_frame_info
         w __register_frame_info
         w _ITM_deregisterTMCloneTable
         w _ITM_registerTMCloneTable
         w _Jv_RegisterClasses
00000000 b _TLS_MODULE_BASE_
00000000 a shift
00000000 a shift
00000000 00002000 b tmp_buffer.7872
00001ff8 b .LANCHOR2
00002000 00000401 b __fixedpath
00002404 00000802 b __utf16path
00002c08 00000802 b __utf16path_old.7943
00100000 a __start__
00100000 T _start
00100008 T __service_ptr
0010000c T __apt_appid
00100010 T __heap_size
00100014 T __linear_heap_size
00100018 T __system_arglist
0010001c T __system_runflags
00100020 t startup
00100058 t ClearMem
0010006c t ClrLoop
00100094 T _init
001000ac 0000000c T handle_msg
001000b8 00000010 T handle_exit
001000c8 00000024 T createZMenuTextItem
001000ec 0000002c T createZMenuSelectItem
00100118 0000001c T createZMenuOptionsItem
00100134 0000001c T createZMenuNumOptionsItem
00100150 00000018 T clearMenu
00100168 00000048 T zupperMenu
001001b0 00000040 T llMenuGet
001001f0 0000001c T llMenuGetLast
0010020c 000000a4 T llMenuPop
001002b0 0000001c T llMenuPopLast
001002cc 00000030 T llMenuClear
001002fc 0000004c T llMenuAppend
00100348 00000064 T llMenuSetLast
001003ac 00000024 T linkedListZMenu
001003d0 0000006c T initCurrZMenuSystem
0010043c 0000000c T zupperSTARTK
00100448 00000068 T zupperAK
001004b0 0000010c T printZMenu
001005bc 000000f0 T zupperDUPK
001006ac 000000f4 T zupperDDOWNK
001007a0 0000006c T setZMenu
0010080c 00000060 T goBackToLastMenu
0010086c 00000004 T zupperBK
00100870 00000070 T zupperKeysDown
001008e0 00000074 T addZItem
00100954 00000074 T createZMenu
001009c8 T initSystem
00100a0c T __ctru_exit
00100a2c T __aeabi_idiv
00100a2c 00000220 T __divsi3
00100a34 t .divsi3_skip_div0_test
00100c4c 00000020 T __aeabi_idivmod
00100c6c 00000004 W __aeabi_idiv0
00100c6c 00000004 W __aeabi_ldiv0
00100c70 T __aeabi_uldivmod
00100cc8 00000390 T strcmp
00101050 t .udivsi3_skip_div0_test
00101050 T __aeabi_uidiv
00101050 000001ec T __udivsi3
0010123c 00000020 T __aeabi_uidivmod
0010125c t deregister_tm_clones
0010128c t register_tm_clones
001012c4 t __do_global_dtors_aux
00101308 t frame_dummy
00101364 0000010c T main
00101470 0000008c t gfxSetFramebufferInfo.part.0
001014fc 00000018 T __get_bytes_per_pixel
00101514 00000174 T gfxSetScreenFormat
00101688 00000014 T gfxSetDoubleBuffering
0010169c 00000070 T gfxSetFramebufferInfo
0010170c 00000088 T gfxWriteFramebufferInfo
00101794 000001fc T gfxInit
00101990 00000010 T gfxInitDefault
001019a0 000000e0 T gfxExit
00101a80 000000b0 T gfxGetFramebuffer
00101b30 000000c8 T gfxFlushBuffers
00101bf8 00000070 T gfxConfigScreen
00101c68 00000020 T gfxSwapBuffers
00101c88 00000020 T gfxSwapBuffersGpu
00101ca8 0000001c T debug_write
00101cc4 000001b0 T consoleDrawChar
00101e74 00000124 T consolePrintChar
00101f98 00000190 t consoleCls
00102128 000000f8 T consoleInit
00102220 00000144 t consoleClearLine
00102364 000000bc t newRow
00102420 0000079c T con_write
00102bbc 0000000c T consoleClear
00102bc8 000000d0 T hidExit
00102c98 00000234 T hidScanInput
00102ecc 00000010 T hidKeysDown
00102edc 00000090 T HIDUSER_GetHandles
00102f6c 0000018c T hidInit
001030f8 00000004 W _aptDebug
001030fc 00000130 T aptSendCommand
0010322c 0000003c t aptExitProcess
00103268 0000004c T APT_InquireNotification
001032b4 0000019c t aptEventHandler
00103450 00000074 T APT_AppletUtility
001034c4 000000b4 T aptSetSleepAllowed
00103578 000000b4 T APT_GlanceParameter
0010362c 000000c0 T APT_ReceiveParameter
001036ec 000000a8 t aptReceiveParameter.constprop.1
00103798 000001ec t aptScreenTransfer
00103984 00000228 t aptWaitForWakeUp
00103bac 00000070 T APT_CancelParameter
00103c1c 00000230 T aptInit
00103e4c 0000008c t aptClearParamQueue
00103ed8 00000214 T aptMainLoop
001040ec 00000148 T aptExit
00104234 00000070 T APT_CheckNew3DS
001042a4 00000160 t gspEventThreadMain
00104404 00000074 T gspInit
00104478 0000003c T gspExit
001044b4 00000088 T gspInitEventHandler
0010453c 00000030 T gspExitEventHandler
0010456c 00000044 T gspWaitForEvent
001045b0 0000006c T GSPGPU_SetBufferSwap
0010461c 0000004c T GSPGPU_FlushDataCache
00104668 00000034 T GSPGPU_SetLcdForceBlack
0010469c 00000064 T GSPGPU_RegisterInterruptRelayQueue
00104700 0000002c T GSPGPU_UnregisterInterruptRelayQueue
0010472c 00000048 T GSPGPU_AcquireRight
00104774 0000002c T GSPGPU_ReleaseRight
001047a0 00000080 T GSPGPU_ImportDisplayCaptureInfo
00104820 0000002c T GSPGPU_SaveVramSysArea
0010484c 0000002c T GSPGPU_RestoreVramSysArea
00104878 000000b0 T irrstScanInput
00104928 0000001c T irrstKeysHeld
00104944 00000050 T IRRST_GetHandles
00104994 00000150 T irrstInit
00104ae4 0000002c T IRRST_Shutdown
00104b10 000000ac T irrstExit
00104bbc 000000e8 T __system_initArgv
00104ca4 00000038 W __libctru_init
00104cdc T svcControlMemory
00104cfc T svcExitProcess
00104d04 T svcCreateThread
00104d24 T svcExitThread
00104d2c T svcSleepThread
00104d34 T svcReleaseMutex
00104d3c T svcCreateEvent
00104d50 T svcSignalEvent
00104d58 T svcClearEvent
00104d60 T svcMapMemoryBlock
00104d68 T svcUnmapMemoryBlock
00104d70 T svcCreateAddressArbiter
00104d84 T svcArbitrateAddress
00104d9c T svcCloseHandle
00104da4 T svcWaitSynchronization
00104dac T svcWaitSynchronizationN
00104dd4 T svcDuplicateHandle
00104de8 T svcGetSystemTick
00104df0 T svcGetSystemInfo
00104e08 T svcConnectToPort
00104e1c T svcSendSyncRequest
00104e24 T svcBreak
00104e2c T svcOutputDebugString
00104e34 00000024 t addrMapNodeComparator(rbtree_node const*, rbtree_node const*)
00104e58 00000004 t addrMapNodeDestructor(rbtree_node*)
00104e5c 0000013c T linearMemAlign
00104f98 00000008 T linearAlloc
00104fa0 00000050 T linearFree
00104ff0 00000024 t addrMapNodeComparator(rbtree_node const*, rbtree_node const*)
00105014 00000004 t addrMapNodeDestructor(rbtree_node*)
00105018 000000f4 T mappableAlloc
0010510c 00000050 T mappableFree
0010515c 00000024 t addrMapNodeComparator(rbtree_node const*, rbtree_node const*)
00105180 00000004 t addrMapNodeDestructor(rbtree_node*)
00105184 0000012c T vramMemAlign
001052b0 00000008 T vramAlloc
001052b8 00000050 T vramFree
00105308 000001bc T threadCreate
001054c4 00000024 T threadJoin
001054e8 00000070 T threadExit
00105558 00000040 t _thread_begin
00105598 00000050 T srvExit
001055e8 00000038 T srvRegisterClient
00105620 00000078 T srvInit
00105698 00000068 T srvGetServiceHandleDirect
00105700 00000038 T srvGetServiceHandle
00105738 00000058 t getSysTime
00105790 00000024 T osGetMemRegionUsed
001057b8 000000f4 T __libctru_gtod
001058ac 00000034 T __ctru_speedup_config
001058e0 00000084 T envGetHandle
00105964 0000004c T envDestroyHandles
001059b0 00000034 t LightLock_Unlock.part.1
001059e4 0000000c T __sync_init
001059f0 00000018 T __sync_fini
00105a08 00000010 T __sync_get_arbiter
00105a18 00000018 T LightLock_Init
00105a30 000000a0 T LightLock_Lock
00105ad0 00000034 T LightLock_TryLock
00105b04 00000020 T LightLock_Unlock
00105b24 00000024 T RecursiveLock_Init
00105b48 00000030 T RecursiveLock_Lock
00105b78 00000058 T RecursiveLock_TryLock
00105bd0 00000038 T RecursiveLock_Unlock
00105c08 00000038 T LightEvent_Init
00105c40 0000007c T LightEvent_Clear
00105cbc 000000dc T LightEvent_Signal
00105d98 000000d0 T LightEvent_Wait
00105e68 00000070 T ptmSysmInit
00105ed8 00000034 T ptmSysmExit
00105f0c 00000034 T PTMSYSM_ConfigureNew3DSCPU
00105f40 00000070 T rbtree_find
00105fb0 00000324 T rbtree_remove
001062d4 00000074 T rbtree_node_next
00106348 00000094 T rbtree_rotate
001063dc 0000018c t do_insert
00106568 00000008 T rbtree_insert
00106570 00000014 T rbtree_init
00106584 000000a4 W __libctru_exit
00106628 0000001c W __appExit
00106644 00000058 t osGetMemRegionSize
0010669c 00000104 W __system_allocateHeaps
001067a0 00000030 t __ctru_get_reent
001067d0 000000e4 T __system_initSyscalls
001068b4 0000001c W __appInit
001068d0 00000098 T MemPool::CoalesceRight(MemBlock*)
00106968 00000178 T MemPool::Allocate(MemChunk&, unsigned long, int)
00106ae0 00000100 T MemPool::Deallocate(MemChunk const&)
00106be0 00000010 t sdmc_link
00106bf0 00000010 t sdmc_dirreset
00106c00 00000010 t sdmc_fchmod
00106c10 00000024 t error_cmp
00106c34 00000050 t sdmc_translate_error
00106c84 00000034 t sdmc_fsync
00106cb8 00000054 t sdmc_ftruncate
00106d0c 000000b8 t sdmc_statvfs
00106dc4 00000038 t sdmc_dirclose
00106dfc 00000138 t sdmc_dirnext
00106f34 00000034 t sdmc_close
00106f68 00000074 t sdmc_fstat
00106fdc 000000d8 t sdmc_seek
001070b4 00000084 t sdmc_read
00107138 000000b8 t sdmc_write
001071f0 000001b4 t sdmc_utf16path
001073a4 00000074 t sdmc_rmdir
00107418 000000a4 t sdmc_diropen
001074bc 000000a0 t sdmc_chdir
0010755c 00000098 t sdmc_mkdir
001075f4 00000108 t sdmc_rename
001076fc 00000074 t sdmc_unlink
00107770 00000108 t sdmc_stat
00107878 00000188 t sdmc_open
00107a00 00000010 t sdmc_chmod
00107a10 0000015c T sdmcInit
00107b6c 00000058 T sdmcExit
00107bc4 00000028 t fsSessionForArchive.part.0
00107bec 000000c8 T fsInit
00107cb4 00000038 T fsExit
00107cec 000000a0 T fsExemptFromSession
00107d8c 00000054 T fsUnexemptFromSession
00107de0 000000bc T FSUSER_OpenFile
00107e9c 000000a4 T FSUSER_DeleteFile
00107f40 000000e0 T FSUSER_RenameFile
00108020 000000a4 T FSUSER_DeleteDirectory
001080c4 000000bc T FSUSER_CreateFile
00108180 000000ac T FSUSER_CreateDirectory
0010822c 000000e0 T FSUSER_RenameDirectory
0010830c 000000a4 T FSUSER_OpenDirectory
001083b0 00000098 T FSUSER_OpenArchive
00108448 00000074 T FSUSER_CloseArchive
001084bc 00000078 T FSUSER_GetSdmcArchiveResource
00108534 00000064 T FSUSER_IsSdmcWritable
00108598 0000005c T FSFILE_Read
001085f4 00000064 T FSFILE_Write
00108658 0000003c T FSFILE_GetSize
00108694 0000002c T FSFILE_SetSize
001086c0 0000003c T FSFILE_Close
001086fc 00000024 T FSFILE_Flush
00108720 00000054 T FSDIR_Read
00108774 0000003c T FSDIR_Close
001087b0 000000c0 T utf8_to_utf16
00108870 00000138 T decode_utf8
001089a8 000000e8 T utf16_to_utf8
00108a90 00000104 T encode_utf8
00108b94 00000068 T encode_utf16
00108bfc T __aeabi_read_tp
00108c08 00000060 T decode_utf16
00108c68 00000128 T __udivmoddi4
00108d90 00000074 T bsearch
00108e04 00000034 T exit
00108e38 00000040 T __libc_fini_array
00108e78 00000078 T __libc_init_array
00108ef0 00000038 T iprintf
00108f28 00000020 T memalign
00108f48 00000158 T _memalign_r
001090a0 00000018 T malloc
001090b8 00000018 T free
001090d0 0000078c T _malloc_r
0010985c 00000104 T memchr
00109960 00000114 T memcpy
00109a74 00000110 T memset
00109b84 0000000c T __malloc_lock
00109b90 0000000c T __malloc_unlock
00109b9c 00000038 T printf
00109bd4 00000258 T setvbuf
00109e2c 00000074 T sscanf
00109ea0 0000003c T __sread
00109edc 00000008 T __seofread
00109ee4 00000064 T __swrite
00109f48 0000004c T __sseek
00109f94 00000008 T __sclose
00109f9c 0000005c T strlen
00109ff8 0000009c T strncat
0010a094 000000d8 T strncpy
0010a16c 0000290c T __ssvfscanf_r
0010ca78 00001624 t get_arg
0010e09c 0000001c t __sprint_r.part.0
0010e0b8 0000001c T __sprint_r
0010e0d4 00002de8 T _vfiprintf_r
00110ebc 000000cc t __sbprintf
00110f88 00001624 t get_arg
001125b0 00004314 T _vfprintf_r
001168c4 000000cc t __sbprintf
00116990 000000a0 T _wcrtomb_r
00116a30 00000020 T _wcsrtombs_r
00116a50 00000144 T __swsetup_r
00116b94 00000174 T __call_exitprocs
00116d08 000001d0 t quorem
00116ed8 00001260 T _dtoa_r
00118138 00000254 T __sflush_r
0011838c 00000094 T _fflush_r
00118420 0000000c T _cleanup_r
0011842c 00000080 t std.isra.0
001184ac 0000008c T __sinit
00118538 0000000c T __sfp_lock_acquire
00118544 0000000c T __sfp_lock_release
00118550 000000f8 T _malloc_trim_r
00118648 000002e4 T _free_r
0011892c 000004ac T __sfvwrite_r
00118dd8 00000080 T _fwalk_reent
00118e58 00000074 T iswspace
00118ecc 00000204 t __jp2uc
001190d0 000000c8 T _jp2uc
00119198 00000008 T __localeconv_l
001191a0 00000024 T _localeconv_r
001191c4 00000024 T __locale_mb_cur_max
001191e8 00000008 T __locale_ctype_ptr_l
001191f0 00000024 T __locale_ctype_ptr
00119214 00000094 T __swhatbuf_r
001192a8 000000f4 T __smakebuf_r
0011939c 000000b4 T _mbrtowc_r
00119450 00000300 T __utf8_mbtowc
00119750 00000148 T memmove
00119898 00000088 T _Balloc
00119920 0000001c T _Bfree
0011993c 000000d8 T __multadd
00119a14 000000f0 T __s2b
00119b04 00000058 T __hi0bits
00119b5c 0000009c T __lo0bits
00119bf8 00000020 T __i2b
00119c18 000001cc T __multiply
00119de4 00000100 T __pow5mult
00119ee4 000000e4 T __lshift
00119fc8 00000060 T __mcmp
0011a028 00000198 T __mdiff
0011a1c0 00000078 T __ulp
0011a238 000000d4 T __b2d
0011a30c 00000108 T __d2b
0011a414 0000007c T __ratio
0011a490 0000006c T __copybits
0011a4fc 00000080 T __any_on
0011a57c 000004cc T _realloc_r
0011aa48 000000cc T __sccl
0011ab14 0000000c T nanf
0011ab20 0000009c T frexp
0011abbc 00000068 T sprintf
0011ac24 00000100 T stpncpy
0011ad24 000001ac T strchr
0011aed0 00000108 T strncmp
0011afd8 00000054 t sulp
0011b030 00001434 T _strtod_l
0011c464 0000003c T _strtod_r
0011c4a0 000002dc t _strtoll_l.isra.0
0011c77c 00000050 T _strtoll_r
0011c7cc 00000220 t _strtol_l.isra.0
0011c9ec 00000050 T _strtol_r
0011ca40 00000268 t _strtoull_l.isra.0
0011cca8 00000050 T _strtoull_r
0011ccf8 000001e4 t _strtoul_l.isra.0
0011cedc 00000050 T _strtoul_r
0011cf2c 00000188 T __ssprint_r
0011d0b4 000000e8 T _sungetc_r
0011d19c 0000006c T __ssrefill_r
0011d208 000000d0 T _sfread_r
0011d2d8 00001624 t get_arg
0011e900 000041c4 T _svfprintf_r
00122ac4 000000a8 T __submore
00122b6c 00000174 T _wcsnrtombs_l
00122ce0 00000064 T _wcsnrtombs_r
00122d44 000000e8 T __utf8_wctomb
00122e2c 00000090 T _calloc_r
00122ebc 00000154 T _fclose_r
00123010 000000f0 t rshift
00123100 000007f4 T __gethex
001238f4 00000064 T __match
00123958 00000264 T __hexnan
00123bbc 00000008 t null_write
00123bc4 00000018 T setDefaultDevice
00123bdc 000000cc T FindDevice
00123ca8 00000028 T RemoveDevice
00123cd0 00000098 T AddDevice
00123d68 00000084 T _close_r
00123dec 0000007c T _fstat_r
00123e68 00000008 T _isatty_r
00123e70 00000090 T _lseek_r
00123f00 00000088 T _read_r
00123f88 00000070 T _sbrk_r
00123ff8 00000088 T _write_r
00124080 00000024 T _exit
001240a4 000001d4 T _concatenate_path
00124278 0000015c T chdir
001243d4 00000008 T __flockfile
001243dc 00000008 T __funlockfile
001243e4 00000018 T __libc_lock_acquire
001243fc 00000018 T __libc_lock_release
00124414 00000018 T __libc_lock_init_recursive
0012442c 00000018 T __libc_lock_acquire_recursive
00124444 00000018 T __libc_lock_release_recursive
0012445c 00000018 T __libc_lock_close_recursive
00124474 0000004c T __free_handle
001244c0 00000040 T __release_handle
00124500 00000018 T __get_handle
00124518 00000028 T __getreent
00124540 0000005c T strnlen
0012459c 00000044 T strrchr
001245e0 T _fini
00125000 00000014 r CSWTCH.26
00125014 00000008 r framebufferInfoSt
0012501c 00000068 r dotab_3dmoo
00125084 00000068 r dotab_stdout
001250ec 00000068 r dotab_null
00125154 00000030 r colorTable
00125184 0000000c r serviceNameTable.7434
00125190 R default_font_bin
00125990 R default_font_bin_end
00125990 R default_font_bin_size
00125994 00000030 r error_table
00125b14 00000004 R _global_impure_ptr
00125b20 00000022 r basefix.8441
00125b74 00000010 r blanks.8383
00125b84 00000010 r zeroes.8384
00125ba4 r .LC2
00125ba8 00000010 r blanks.8415
00125bb8 00000010 r zeroes.8416
00125bec 000000bc r a1
00125ca8 000000bc r a2
00125d64 0000005b r a3
00125dc0 00000070 r a6
00125e30 000000a2 r a7
00125ed4 00000040 r a8
00125f14 0000172a r b02cf
00127640 00001a7c r d02f4
00129108 00000028 R __mprec_bigtens
00129130 000000c8 R __mprec_tens
001291f8 0000000c r p05.7191
00129214 00000014 r fpi.7277
00129228 00000014 r fpinan.7313
00129240 00000028 r tinytens
00129268 0000006c R __action_table
001292d4 00000100 R __chclass
001293d4 0000006c R __state_table
00129440 00000010 r blanks.8400
00129450 00000010 r zeroes.8401
00129460 00000101 R _ctype_
00129564 00000100 R __hexdig
0012966c 00000068 R dotab_stdnull
001296d4 00000003 R DIRECTORY_PARENT
001296d8 r __EH_FRAME_BEGIN__
001296d8 R __exidx_end
001296d8 R __exidx_start
0012a000 00000001 d topFormat
0012a001 00000001 d botFormat
0012a004 00000008 d doubleBuf
0012a00c 0000004c D defaultConsole
0012a058 00000004 D currentConsole
0012a05c 00000001 d firstConsoleInit.7754
0012a060 00000004 d aptFlags
0012a064 00000004 d gspLastEvent
0012a068 W __stacksize__
0012a06c 00000004 V __ctru_linear_heap_size
0012a070 00000401 d __cwd
0012a474 00000068 d sdmc_devoptab
0012a4dc 00000004 D _impure_ptr
0012a4e0 00000460 d impure_data
0012a940 00000408 D __malloc_av_
0012ad48 00000004 D __malloc_sbrk_base
0012ad4c 00000004 D __malloc_trim_threshold
0012ad50 0000000c d __malloc_lock_object
0012ad5c 0000000c D __atexit_lock
0012ad68 0000000c d __sfp_lock
0012ad74 0000000c d __sinit_lock
0012ad80 0000016c D __global_locale
0012aeec 00000004 d defaultDevice
0012aef0 00000040 D devoptab_list
0012af30 00001000 d _current_working_directory
0012bf30 00000004 d __hndl_lock
0012bf34 0000000c d __stderr_handle
0012bf40 0000000c d __stdin_handle
0012bf4c 0000000c d __stdout_handle
0012bf58 00001000 d handles
0012cf58 t __frame_dummy_init_array_entry
0012cf58 T __init_array_start
0012cf58 d __JCR_LIST__
0012cf58 B __preinit_array_end
0012cf58 B __preinit_array_start
0012cf58 D __tdata_lma
0012cf58 D __tdata_lma_end
0012cf58 D __TMC_END__
0012cf58 d __TMC_LIST__
0012cf5c t __do_global_dtors_aux_fini_array_entry
0012cf5c T __fini_array_start
0012cf5c T __init_array_end
0012cf60 T __bss_start__
0012cf60 T __fini_array_end
0012cf60 00000001 b enable3d
0012cf64 00000004 b screenAlloc
0012cf68 00000004 b screenFree
0012cf6c 00000002 b currentBuffer
0012cf70 00000004 b hidRefCount
0012cf74 00000004 b kOld
0012cf78 00000004 b kHeld
0012cf7c 00000004 b cPos
0012cf80 00000004 b tPos
0012cf84 00000006 b aVec
0012cf8c 00000006 b gRate
0012cf94 00000004 b kDown
0012cf98 00000004 b kUp
0012cf9c 00000004 b aptLockHandle
0012cfa0 00000004 b serviceName.7433
0012cfa4 0000000c b aptFirstHook
0012cfb0 00000004 b aptMessageFunc
0012cfb4 00000004 b aptMessageFuncData
0012cfb8 0000000c b aptEvents
0012cfc4 00000001 b aptHomeButtonState
0012cfc8 00000008 b aptSleepEvent
0012cfd0 00001000 b aptParameters
0012dfd0 00000004 b aptRefCount
0012dfd4 00000004 b aptEventHandlerThread
0012dfd8 00000001 b flagInit.7784
0012dfd9 00000001 b flagValue.7785
0012dfdc 00000001 b gspRunEvents
0012dfe0 00000004 b gspEvent
0012dfe4 00000004 b gspEventData
0012dfe8 0000001c b gspEventCb
0012e004 00000007 b gspEventCbOneShot
0012e00c 0000001c b gspEventCbData
0012e028 00000038 b gspEvents
0012e060 0000001c b gspEventCounts
0012e07c 00000004 b gspRefCount
0012e080 00000004 b gspEventThread
0012e084 00000004 b irrstRefCount
0012e088 00000004 b kHeld
0012e08c 00000004 b csPos
0012e090 b saved_stack
0012e098 00000008 b sLinearPool
0012e0a0 0000000c b sAddrMap
0012e0ac 00000008 b sMappablePool
0012e0b4 0000000c b sAddrMap
0012e0c0 00000008 b sVramPool
0012e0c8 0000000c b sAddrMap
0012e0d4 00000004 b srvRefCount
0012e0d8 00000004 b srvHandle
0012e0dc 00000001 V __ctru_speedup
0012e0e0 00000004 b arbiter
0012e0e4 00000004 b ptmSysmRefCount
0012e0e8 00000004 b ptmSysmHandle
0012e0ec 00000004 V __ctru_heap_size
0012e0f0 00000008 b sdmcArchive
0012e0f8 00000001 b sdmcInitialised
0012e100 00000004 b fsuHandle
0012e104 00000004 b fsuRefCount
0012e108 00000080 b fsExemptArchives
0012e188 b completed.7620
0012e18c b object.7625
0012e1a4 00000028 B __malloc_current_mallinfo
0012e1cc 00000004 B __malloc_max_sbrked_mem
0012e1d0 00000004 B __malloc_max_total_mem
0012e1d4 00000004 B __malloc_top_pad
0012e1d8 00000004 b heap_start.6927
0012e1dc 00000004 B fake_heap_end
0012e1e0 00000004 B fake_heap_start
0012e1e4 00001000 b temp_cwd
0012f1e4 00000038 B __syscalls
0012f21c 00000008 B gfxBottomFramebuffers
0012f224 00000004 B gspSharedMemHandle
0012f228 0000001c B bottomFramebufferInfo
0012f244 00000004 B gspEvent
0012f248 00000008 B gfxTopLeftFramebuffers
0012f250 00000008 B gfxTopRightFramebuffers
0012f258 0000001c B topFramebufferInfo
0012f274 00000001 B gfxThreadID
0012f278 00000004 B gfxSharedMemory
0012f27c 00000004 B gfxTopFramebufferMaxSize
0012f280 00000004 B gfxBottomFramebufferMaxSize
0012f284 0000004c B currentCopy
0012f2d0 00000004 B gxCmdBuf
0012f2d4 00000004 B hidMemHandle
0012f2d8 00000004 B hidHandle
0012f2dc 00000004 B hidSharedMem
0012f2e0 00000014 B hidEvents
0012f2f4 00000004 B gspGpuHandle
0012f2f8 00000004 B irrstHandle
0012f2fc 00000004 B irrstEvent
0012f300 00000004 B irrstMemHandle
0012f304 00000004 B irrstSharedMem
0012f308 00000004 B __system_argv
0012f30c 00000004 B __system_argc
0012f310 00000004 B __system_retAddr
0012f314 00000004 B __ctru_linear_heap
0012f318 00000004 B __ctru_heap
0012f31c B __tls_start
00132728 B __bss_end__
00132728 A __end__
00132728 B __tls_end
